#-----------------------------------------------------------
# Vivado v2019.1 (64-bit)
# SW Build 2552052 on Fri May 24 14:47:09 MDT 2019
# IP Build 2548770 on Fri May 24 18:01:18 MDT 2019
# Start of session at: Thu Jul 25 19:39:06 2019
# Process ID: 25651
# Current directory: /home/jinjae/Downloads/aes
# Command line: vivado
# Log file: /home/jinjae/Downloads/aes/vivado.log
# Journal file: /home/jinjae/Downloads/aes/vivado.jou
#-----------------------------------------------------------
start_gui
open_project /home/jinjae/aes/aes.xpr
Scanning sources...
Finished scanning sources
INFO: [IP_Flow 19-234] Refreshing IP repositories
INFO: [IP_Flow 19-1704] No user IP repositories specified
INFO: [IP_Flow 19-2313] Loaded Vivado IP repository '/tools/xilinx/vivado_sdk_2019.1/Vivado/2019.1/data/ip'.
update_compile_order -fileset sources_1
add_files -norecurse /home/jinjae/Downloads/aes/aes_axi.v
update_compile_order -fileset sources_1
update_compile_order -fileset sources_1
