#
# An unexpected error has occurred (11)
#
Stack:
/tools/xilinx/vivado_sdk_2018.2/Vivado/2018.2/tps/lnx64/jre/lib/amd64/server/libjvm.so(+0x923da9) [0x7fe45a0bcda9]
/tools/xilinx/vivado_sdk_2018.2/Vivado/2018.2/tps/lnx64/jre/lib/amd64/server/libjvm.so(JVM_handle_linux_signal+0xb6) [0x7fe45a0c33f6]
/tools/xilinx/vivado_sdk_2018.2/Vivado/2018.2/tps/lnx64/jre/lib/amd64/server/libjvm.so(+0x9209d3) [0x7fe45a0b99d3]
/lib64/libc.so.6(+0x36280) [0x7fe49e139280]
/tools/xilinx/vivado_sdk_2018.2/Vivado/2018.2/lib/lnx64.o/librdi_simbridge_kernel.so(SimBridge::CArray::empty() const+0) [0x7fe45e0f68f0]
/tools/xilinx/vivado_sdk_2018.2/Vivado/2018.2/lib/lnx64.o/librdi_simbridge_kernel.so(SimBridge::WdbEventBlock::addBlock(SimBridge::WdbIBlockManager&, unsigned int&) const+0x1e) [0x7fe45e0f6fce]
/tools/xilinx/vivado_sdk_2018.2/Vivado/2018.2/lib/lnx64.o/librdi_simbridge_kernel.so(SimBridge::WdbMultipleBucketEventDatabase::getEventBlockDatabaseIterator(std::vector<SimBridge::WdbScalarBTree*, std::allocator<SimBridge::WdbScalarBTree*> > const&, std::vector<boost::shared_ptr<SimBridge::WdbIEventBlockIterator>, std::allocator<boost::shared_ptr<SimBridge::WdbIEventBlockIterator> > >&, std::vector<std::vector<SimBridge::WdbScalarBTree*, std::allocator<SimBridge::WdbScalarBTree*> >, std::allocator<std::vector<SimBridge::WdbScalarBTree*, std::allocator<SimBridge::WdbScalarBTree*> > > >&) const+0x691) [0x7fe45e10d9f1]
/tools/xilinx/vivado_sdk_2018.2/Vivado/2018.2/lib/lnx64.o/librdi_simbridge_kernel.so(SimBridge::WdbAddressBTreeManager::scanWdbDatabaseMultiThread(std::vector<SimBridge::WdbScalarBTree*, std::allocator<SimBridge::WdbScalarBTree*> > const&, ISIM::IGuiStatus*)+0xc4) [0x7fe45e0ee2f4]
/tools/xilinx/vivado_sdk_2018.2/Vivado/2018.2/lib/lnx64.o/librdi_wavedata.so(SimBridge::DataObjMgr::createDrawingBTree(std::vector<SimBridge::IDataObj const*, std::allocator<SimBridge::IDataObj const*> > const&, ISIM::IGuiStatus*, bool)+0x1de) [0x7fe4659a48ce]
/tools/xilinx/vivado_sdk_2018.2/Vivado/2018.2/lib/lnx64.o/librdi_wavedata.so(SimBridge::DataReader::getTransitions(SimBridge::IDataObj const*, long long, long long, long long, SimBridge::ValueFormat const&, std::vector<SimBridge::Transition, std::allocator<SimBridge::Transition> >&) const+0xa4) [0x7fe4659afaf4]
/tools/xilinx/vivado_sdk_2018.2/Vivado/2018.2/lib/lnx64.o/librdi_wavedata.so(SG_Model::Model::getTransitions(SG_Model::WVDataObject const*, long long, long long, long long, SimBridge::ValueFormat const&, bool, std::vector<SimBridge::Transition, std::allocator<SimBridge::Transition> >&) const+0x11b) [0x7fe465a3f1fb]
/tools/xilinx/vivado_sdk_2018.2/Vivado/2018.2/lib/lnx64.o/librdi_wavedata.so(+0x2ceaeb) [0x7fe465a6baeb]
/tools/xilinx/vivado_sdk_2018.2/Vivado/2018.2/lib/lnx64.o/librdi_wavedata.so(SG_Model::WaveformRender::render(SG_Model::WVDataObject const&)+0x204) [0x7fe465a67994]
/tools/xilinx/vivado_sdk_2018.2/Vivado/2018.2/lib/lnx64.o/librdi_wavedata.so(WaveViewer::WVWaveformPanel::WaveformTraverser::drawWaveform(SG_Model::WVDataObject const*, int, int)+0x2eb) [0x7fe465adffeb]
/tools/xilinx/vivado_sdk_2018.2/Vivado/2018.2/lib/lnx64.o/librdi_wavedata.so(WaveViewer::WVWaveformPanel::WaveformTraverser::handleItemSize(WaveViewer::WVNameValueTreeModel::ITraverseHandler::ItemSize const&)+0x4a) [0x7fe465ae02ca]
/tools/xilinx/vivado_sdk_2018.2/Vivado/2018.2/lib/lnx64.o/librdi_wavedata.so(WaveViewer::WVNameValueTreeModel::traverseYRange(SG_Model::WVDataObject const*, WaveViewer::WVNameValueTreeModel::ITraverseHandler&, int, int, int&, int&) const+0x268) [0x7fe465ab2728]
/tools/xilinx/vivado_sdk_2018.2/Vivado/2018.2/lib/lnx64.o/librdi_wavedata.so(WaveViewer::WVNameValueTreeModel::traverseYRange(SG_Model::WVDataObject const*, WaveViewer::WVNameValueTreeModel::ITraverseHandler&, int, int, int&, int&) const+0x339) [0x7fe465ab27f9]
/tools/xilinx/vivado_sdk_2018.2/Vivado/2018.2/lib/lnx64.o/librdi_wavedata.so(WaveViewer::WVNameValueTreeModel::traverseYRange(SG_Model::WVDataObject const*, WaveViewer::WVNameValueTreeModel::ITraverseHandler&, int, int, int&, int&) const+0x339) [0x7fe465ab27f9]
/tools/xilinx/vivado_sdk_2018.2/Vivado/2018.2/lib/lnx64.o/librdi_wavedata.so(WaveViewer::WVNameValueTreeModel::traverseYRange(WaveViewer::WVNameValueTreeModel::ITraverseHandler&, int, int) const+0x57) [0x7fe465ab3817]
/tools/xilinx/vivado_sdk_2018.2/Vivado/2018.2/lib/lnx64.o/librdi_wavedata.so(WaveViewer::WVWaveformPanel::getGraphics(HDGDStringStream&, long&)+0x26c) [0x7fe465adf68c]
/tools/xilinx/vivado_sdk_2018.2/Vivado/2018.2/lib/lnx64.o/librdi_wavedata.so(WVExecutiveImp::getGraphicsDataSize()+0x54) [0x7fe465aa4194]
/tools/xilinx/vivado_sdk_2018.2/Vivado/2018.2/lib/lnx64.o/librdi_wavedata.so(WVExecutive::getGraphicsDataSize()+0xf) [0x7fe465aa45ef]
/tools/xilinx/vivado_sdk_2018.2/Vivado/2018.2/lib/lnx64.o/librdi_wavedata.so(Java_ui_views_waveform_waveformi_WVExecutive_1getGraphicsDataSize+0x17) [0x7fe465aeaef7]
[0x7fe44d79a271]
